<?xml version="1.0" encoding="UTF-8"?>
<robot generator="Robot 6.0.2 (Python 3.11.4 on win32)" generated="20230818 17:30:43.958" rpa="false" schemaversion="3">
<suite id="s1" name="Basic Auth" source="C:\Development\robot-scripts\SeleniumWithPython\APiTesting\basic_auth.robot">
<test id="s1-t1" name="API Validation Test" line="6">
<kw name="Create List" library="BuiltIn">
<var>@{ls}</var>
<arg>user</arg>
<arg>pass</arg>
<doc>Returns a list containing given items.</doc>
<msg timestamp="20230818 17:30:44.074" level="INFO">@{ls} = [ user | pass ]</msg>
<status status="PASS" starttime="20230818 17:30:44.074" endtime="20230818 17:30:44.074"/>
</kw>
<kw name="Evaluate" library="BuiltIn">
<var>${auth}</var>
<arg>tuple(@{ls})</arg>
<doc>Evaluates the given expression in Python and returns the result.</doc>
<msg timestamp="20230818 17:30:44.074" level="INFO">${auth} = ('user', 'pass')</msg>
<status status="PASS" starttime="20230818 17:30:44.074" endtime="20230818 17:30:44.074"/>
</kw>
<kw name="GET" library="RequestsLibrary">
<var>${response}</var>
<arg>https://httpbin.org/basic-auth/user/pass</arg>
<arg>auth=${auth}</arg>
<doc>Sends a GET request.</doc>
<msg timestamp="20230818 17:30:47.882" level="INFO">GET Request : url=https://httpbin.org/basic-auth/user/pass 
 path_url=/basic-auth/user/pass 
 headers={'User-Agent': 'python-requests/2.31.0', 'Accept-Encoding': 'gzip, deflate', 'Accept': '*/*', 'Connection': 'keep-alive', 'Authorization': 'Basic dXNlcjpwYXNz'} 
 body=None 
 </msg>
<msg timestamp="20230818 17:30:47.882" level="INFO">GET Response : url=https://httpbin.org/basic-auth/user/pass 
 status=200, reason=OK 
 headers={'Date': 'Fri, 18 Aug 2023 12:00:47 GMT', 'Content-Type': 'application/json', 'Content-Length': '47', 'Connection': 'keep-alive', 'Server': 'gunicorn/19.9.0', 'Access-Control-Allow-Origin': '*', 'Access-Control-Allow-Credentials': 'true'} 
 body={
  "authenticated": true, 
  "user": "user"
}
 
 </msg>
<msg timestamp="20230818 17:30:47.882" level="INFO">${response} = &lt;Response [200]&gt;</msg>
<status status="PASS" starttime="20230818 17:30:44.074" endtime="20230818 17:30:47.882"/>
</kw>
<kw name="Log To Console" library="BuiltIn">
<arg>${response.status_code}</arg>
<doc>Logs the given message to the console.</doc>
<status status="PASS" starttime="20230818 17:30:47.882" endtime="20230818 17:30:47.882"/>
</kw>
<kw name="Log To Console" library="BuiltIn">
<arg>${response.json()}</arg>
<doc>Logs the given message to the console.</doc>
<status status="PASS" starttime="20230818 17:30:47.882" endtime="20230818 17:30:47.882"/>
</kw>
<status status="PASS" starttime="20230818 17:30:44.074" endtime="20230818 17:30:47.882"/>
</test>
<status status="PASS" starttime="20230818 17:30:43.958" endtime="20230818 17:30:47.882"/>
</suite>
<statistics>
<total>
<stat pass="1" fail="0" skip="0">All Tests</stat>
</total>
<tag>
</tag>
<suite>
<stat pass="1" fail="0" skip="0" id="s1" name="Basic Auth">Basic Auth</stat>
</suite>
</statistics>
<errors>
</errors>
</robot>
